<?xml version="1.0" encoding="UTF-8"?>
<!-- Generated by org.testng.reporters.JUnitReportReporter -->
<testsuite hostname="ICPL12785" name="scenarios.HomePageTest" tests="1" failures="0" timestamp="6 Apr 2018 09:00:36 GMT" time="4.867" errors="0">
  <testcase name="verifyskipsigup" time="4.867" classname="scenarios.HomePageTest"/>
</testsuite> <!-- scenarios.HomePageTest -->
